2023-10-27T00:58:58.305Z - Created users file users.json
2023-10-27T00:59:16.710Z - Created user Altrocore
2023-10-27T00:59:22.452Z - Created user Oleksii
2023-10-27T01:06:38.360Z - Generated token for new user from HTTP server
2023-10-27T01:07:06.692Z - Generated token for new user from HTTP server
2023-10-27T01:07:37.250Z - Generated token for new user from HTTP server
2023-10-27T01:07:38.011Z - Generated token for new user from HTTP server
2023-10-27T01:07:38.762Z - Generated token for new user from HTTP server
2023-10-27T01:07:39.393Z - Generated token for new user from HTTP server
2023-10-27T01:07:40.063Z - Generated token for new user from HTTP server
2023-10-27T01:07:40.616Z - Generated token for new user from HTTP server
2023-10-27T01:07:41.392Z - Generated token for new user from HTTP server
2023-10-27T01:07:42.045Z - Generated token for new user from HTTP server
2023-10-27T01:07:42.856Z - Generated token for new user from HTTP server
2023-10-27T01:07:44.254Z - Generated token for new user from HTTP server
2023-10-27T01:07:45.125Z - Generated token for new user from HTTP server
2023-10-27T01:07:45.965Z - Generated token for new user from HTTP server
2023-10-27T01:07:52.578Z - Generated token for new user from HTTP server
2023-10-31T22:47:44.995Z - Created file: users
2023-10-31T22:47:58.369Z - Created user: Alex
2023-11-01T01:52:40.111Z - Created users file: users
2023-11-01T02:04:41.536Z - Created user: users
2023-11-01T02:05:13.964Z - Created user: users
2023-11-01T02:07:46.380Z - File 'users' already exists
2023-11-01T03:16:29.404Z - File 'users' already exists
2023-11-01T03:16:44.480Z - Created user: Cory
